[0.410s] Invoking command in '/home/zsp/Tutorial/tutorial_python/python_ros2_ws/src/py_pubsub': PYTHONPATH=/home/zsp/Tutorial/tutorial_python/python_ros2_ws/build/py_pubsub/prefix_override:/home/zsp/Tutorial/tutorial_python/python_ros2_ws/install/py_pubsub/lib/python3.8/site-packages:${PYTHONPATH} /usr/bin/python3 setup.py egg_info --egg-base ../../build/py_pubsub build --build-base /home/zsp/Tutorial/tutorial_python/python_ros2_ws/build/py_pubsub/build install --record /home/zsp/Tutorial/tutorial_python/python_ros2_ws/build/py_pubsub/install.log --single-version-externally-managed
[0.559s] running egg_info
[0.559s] writing ../../build/py_pubsub/py_pubsub.egg-info/PKG-INFO
[0.559s] writing dependency_links to ../../build/py_pubsub/py_pubsub.egg-info/dependency_links.txt
[0.559s] writing entry points to ../../build/py_pubsub/py_pubsub.egg-info/entry_points.txt
[0.559s] writing requirements to ../../build/py_pubsub/py_pubsub.egg-info/requires.txt
[0.559s] writing top-level names to ../../build/py_pubsub/py_pubsub.egg-info/top_level.txt
[0.561s] reading manifest file '../../build/py_pubsub/py_pubsub.egg-info/SOURCES.txt'
[0.561s] writing manifest file '../../build/py_pubsub/py_pubsub.egg-info/SOURCES.txt'
[0.562s] running build
[0.562s] running build_py
[0.562s] copying py_pubsub/publisher_member_function.py -> /home/zsp/Tutorial/tutorial_python/python_ros2_ws/build/py_pubsub/build/lib/py_pubsub
[0.562s] running install
[0.562s] running install_lib
[0.563s] copying /home/zsp/Tutorial/tutorial_python/python_ros2_ws/build/py_pubsub/build/lib/py_pubsub/publisher_member_function.py -> /home/zsp/Tutorial/tutorial_python/python_ros2_ws/install/py_pubsub/lib/python3.8/site-packages/py_pubsub
[0.563s] byte-compiling /home/zsp/Tutorial/tutorial_python/python_ros2_ws/install/py_pubsub/lib/python3.8/site-packages/py_pubsub/publisher_member_function.py to publisher_member_function.cpython-38.pyc
[0.563s] running install_data
[0.563s] running install_egg_info
[0.564s] removing '/home/zsp/Tutorial/tutorial_python/python_ros2_ws/install/py_pubsub/lib/python3.8/site-packages/py_pubsub-0.0.0-py3.8.egg-info' (and everything under it)
[0.565s] Copying ../../build/py_pubsub/py_pubsub.egg-info to /home/zsp/Tutorial/tutorial_python/python_ros2_ws/install/py_pubsub/lib/python3.8/site-packages/py_pubsub-0.0.0-py3.8.egg-info
[0.565s] running install_scripts
[0.575s] Installing talker script to /home/zsp/Tutorial/tutorial_python/python_ros2_ws/install/py_pubsub/lib/py_pubsub
[0.576s] writing list of installed files to '/home/zsp/Tutorial/tutorial_python/python_ros2_ws/build/py_pubsub/install.log'
[0.588s] Invoked command in '/home/zsp/Tutorial/tutorial_python/python_ros2_ws/src/py_pubsub' returned '0': PYTHONPATH=/home/zsp/Tutorial/tutorial_python/python_ros2_ws/build/py_pubsub/prefix_override:/home/zsp/Tutorial/tutorial_python/python_ros2_ws/install/py_pubsub/lib/python3.8/site-packages:${PYTHONPATH} /usr/bin/python3 setup.py egg_info --egg-base ../../build/py_pubsub build --build-base /home/zsp/Tutorial/tutorial_python/python_ros2_ws/build/py_pubsub/build install --record /home/zsp/Tutorial/tutorial_python/python_ros2_ws/build/py_pubsub/install.log --single-version-externally-managed
