[0.461s] Invoking command in '/home/zsp/Tutorial/tutorial_python/python_ros2_ws/src/py_pubsub': PYTHONPATH=/home/zsp/Tutorial/tutorial_python/python_ros2_ws/build/py_pubsub/prefix_override:/home/zsp/Tutorial/tutorial_python/python_ros2_ws/install/py_pubsub/lib/python3.8/site-packages:${PYTHONPATH} /usr/bin/python3 setup.py egg_info --egg-base ../../build/py_pubsub build --build-base /home/zsp/Tutorial/tutorial_python/python_ros2_ws/build/py_pubsub/build install --record /home/zsp/Tutorial/tutorial_python/python_ros2_ws/build/py_pubsub/install.log --install-scripts $base/lib/py_pubsub --single-version-externally-managed
[0.598s] /home/zsp/.local/lib/python3.8/site-packages/setuptools/dist.py:717: UserWarning: Usage of dash-separated 'script-dir' will not be supported in future versions. Please use the underscore name 'script_dir' instead
[0.598s]   warnings.warn(
[0.615s] running egg_info
[0.615s] creating ../../build/py_pubsub/py_pubsub.egg-info
[0.615s] writing ../../build/py_pubsub/py_pubsub.egg-info/PKG-INFO
[0.615s] writing dependency_links to ../../build/py_pubsub/py_pubsub.egg-info/dependency_links.txt
[0.615s] writing entry points to ../../build/py_pubsub/py_pubsub.egg-info/entry_points.txt
[0.615s] writing requirements to ../../build/py_pubsub/py_pubsub.egg-info/requires.txt
[0.615s] writing top-level names to ../../build/py_pubsub/py_pubsub.egg-info/top_level.txt
[0.624s] writing manifest file '../../build/py_pubsub/py_pubsub.egg-info/SOURCES.txt'
[0.625s] reading manifest file '../../build/py_pubsub/py_pubsub.egg-info/SOURCES.txt'
[0.625s] writing manifest file '../../build/py_pubsub/py_pubsub.egg-info/SOURCES.txt'
[0.626s] running build
[0.626s] running build_py
[0.626s] creating /home/zsp/Tutorial/tutorial_python/python_ros2_ws/build/py_pubsub/build
[0.626s] creating /home/zsp/Tutorial/tutorial_python/python_ros2_ws/build/py_pubsub/build/lib
[0.626s] creating /home/zsp/Tutorial/tutorial_python/python_ros2_ws/build/py_pubsub/build/lib/py_pubsub
[0.626s] copying py_pubsub/__init__.py -> /home/zsp/Tutorial/tutorial_python/python_ros2_ws/build/py_pubsub/build/lib/py_pubsub
[0.626s] copying py_pubsub/publisher_member_function.py -> /home/zsp/Tutorial/tutorial_python/python_ros2_ws/build/py_pubsub/build/lib/py_pubsub
[0.626s] running install
[0.627s] running install_lib
[0.627s] creating /home/zsp/Tutorial/tutorial_python/python_ros2_ws/install/py_pubsub/lib/python3.8/site-packages/py_pubsub
[0.627s] copying /home/zsp/Tutorial/tutorial_python/python_ros2_ws/build/py_pubsub/build/lib/py_pubsub/__init__.py -> /home/zsp/Tutorial/tutorial_python/python_ros2_ws/install/py_pubsub/lib/python3.8/site-packages/py_pubsub
[0.627s] copying /home/zsp/Tutorial/tutorial_python/python_ros2_ws/build/py_pubsub/build/lib/py_pubsub/publisher_member_function.py -> /home/zsp/Tutorial/tutorial_python/python_ros2_ws/install/py_pubsub/lib/python3.8/site-packages/py_pubsub
[0.627s] byte-compiling /home/zsp/Tutorial/tutorial_python/python_ros2_ws/install/py_pubsub/lib/python3.8/site-packages/py_pubsub/__init__.py to __init__.cpython-38.pyc
[0.628s] byte-compiling /home/zsp/Tutorial/tutorial_python/python_ros2_ws/install/py_pubsub/lib/python3.8/site-packages/py_pubsub/publisher_member_function.py to publisher_member_function.cpython-38.pyc
[0.628s] running install_data
[0.628s] creating /home/zsp/Tutorial/tutorial_python/python_ros2_ws/install/py_pubsub/share/ament_index
[0.628s] creating /home/zsp/Tutorial/tutorial_python/python_ros2_ws/install/py_pubsub/share/ament_index/resource_index
[0.628s] creating /home/zsp/Tutorial/tutorial_python/python_ros2_ws/install/py_pubsub/share/ament_index/resource_index/packages
[0.628s] copying resource/py_pubsub -> /home/zsp/Tutorial/tutorial_python/python_ros2_ws/install/py_pubsub/share/ament_index/resource_index/packages
[0.629s] copying package.xml -> /home/zsp/Tutorial/tutorial_python/python_ros2_ws/install/py_pubsub/share/py_pubsub
[0.629s] running install_egg_info
[0.629s] Copying ../../build/py_pubsub/py_pubsub.egg-info to /home/zsp/Tutorial/tutorial_python/python_ros2_ws/install/py_pubsub/lib/python3.8/site-packages/py_pubsub-0.0.0-py3.8.egg-info
[0.630s] running install_scripts
[0.642s] Installing talker script to /home/zsp/Tutorial/tutorial_python/python_ros2_ws/install/py_pubsub/lib/py_pubsub
[0.642s] writing list of installed files to '/home/zsp/Tutorial/tutorial_python/python_ros2_ws/build/py_pubsub/install.log'
[0.654s] Invoked command in '/home/zsp/Tutorial/tutorial_python/python_ros2_ws/src/py_pubsub' returned '0': PYTHONPATH=/home/zsp/Tutorial/tutorial_python/python_ros2_ws/build/py_pubsub/prefix_override:/home/zsp/Tutorial/tutorial_python/python_ros2_ws/install/py_pubsub/lib/python3.8/site-packages:${PYTHONPATH} /usr/bin/python3 setup.py egg_info --egg-base ../../build/py_pubsub build --build-base /home/zsp/Tutorial/tutorial_python/python_ros2_ws/build/py_pubsub/build install --record /home/zsp/Tutorial/tutorial_python/python_ros2_ws/build/py_pubsub/install.log --install-scripts $base/lib/py_pubsub --single-version-externally-managed
