[0.409s] Invoking command in '/home/zsp/Tutorial/tutorial_python/python_ros2_ws/src/py_pubsub': PYTHONPATH=/home/zsp/Tutorial/tutorial_python/python_ros2_ws/build/py_pubsub/prefix_override:/home/zsp/Tutorial/tutorial_python/python_ros2_ws/install/py_pubsub/lib/python3.8/site-packages:${PYTHONPATH} /usr/bin/python3 setup.py egg_info --egg-base ../../build/py_pubsub build --build-base /home/zsp/Tutorial/tutorial_python/python_ros2_ws/build/py_pubsub/build install --record /home/zsp/Tutorial/tutorial_python/python_ros2_ws/build/py_pubsub/install.log --single-version-externally-managed
[0.555s] running egg_info
[0.555s] writing ../../build/py_pubsub/py_pubsub.egg-info/PKG-INFO
[0.555s] writing dependency_links to ../../build/py_pubsub/py_pubsub.egg-info/dependency_links.txt
[0.555s] writing entry points to ../../build/py_pubsub/py_pubsub.egg-info/entry_points.txt
[0.555s] writing requirements to ../../build/py_pubsub/py_pubsub.egg-info/requires.txt
[0.555s] writing top-level names to ../../build/py_pubsub/py_pubsub.egg-info/top_level.txt
[0.557s] reading manifest file '../../build/py_pubsub/py_pubsub.egg-info/SOURCES.txt'
[0.557s] writing manifest file '../../build/py_pubsub/py_pubsub.egg-info/SOURCES.txt'
[0.557s] running build
[0.558s] running build_py
[0.558s] copying py_pubsub/publisher_member_function.py -> /home/zsp/Tutorial/tutorial_python/python_ros2_ws/build/py_pubsub/build/lib/py_pubsub
[0.558s] running install
[0.558s] running install_lib
[0.559s] copying /home/zsp/Tutorial/tutorial_python/python_ros2_ws/build/py_pubsub/build/lib/py_pubsub/publisher_member_function.py -> /home/zsp/Tutorial/tutorial_python/python_ros2_ws/install/py_pubsub/lib/python3.8/site-packages/py_pubsub
[0.559s] byte-compiling /home/zsp/Tutorial/tutorial_python/python_ros2_ws/install/py_pubsub/lib/python3.8/site-packages/py_pubsub/publisher_member_function.py to publisher_member_function.cpython-38.pyc
[0.559s] running install_data
[0.559s] running install_egg_info
[0.560s] removing '/home/zsp/Tutorial/tutorial_python/python_ros2_ws/install/py_pubsub/lib/python3.8/site-packages/py_pubsub-0.0.0-py3.8.egg-info' (and everything under it)
[0.560s] Copying ../../build/py_pubsub/py_pubsub.egg-info to /home/zsp/Tutorial/tutorial_python/python_ros2_ws/install/py_pubsub/lib/python3.8/site-packages/py_pubsub-0.0.0-py3.8.egg-info
[0.561s] running install_scripts
[0.571s] Installing talker script to /home/zsp/Tutorial/tutorial_python/python_ros2_ws/install/py_pubsub/lib/py_pubsub
[0.571s] writing list of installed files to '/home/zsp/Tutorial/tutorial_python/python_ros2_ws/build/py_pubsub/install.log'
[0.583s] Invoked command in '/home/zsp/Tutorial/tutorial_python/python_ros2_ws/src/py_pubsub' returned '0': PYTHONPATH=/home/zsp/Tutorial/tutorial_python/python_ros2_ws/build/py_pubsub/prefix_override:/home/zsp/Tutorial/tutorial_python/python_ros2_ws/install/py_pubsub/lib/python3.8/site-packages:${PYTHONPATH} /usr/bin/python3 setup.py egg_info --egg-base ../../build/py_pubsub build --build-base /home/zsp/Tutorial/tutorial_python/python_ros2_ws/build/py_pubsub/build install --record /home/zsp/Tutorial/tutorial_python/python_ros2_ws/build/py_pubsub/install.log --single-version-externally-managed
