[0.408s] Invoking command in '/home/zsp/Tutorial/tutorial_python/python_ros2_ws/src/py_pubsub': PYTHONPATH=/home/zsp/Tutorial/tutorial_python/python_ros2_ws/build/py_pubsub/prefix_override:/home/zsp/Tutorial/tutorial_python/python_ros2_ws/install/py_pubsub/lib/python3.8/site-packages:${PYTHONPATH} /usr/bin/python3 setup.py egg_info --egg-base ../../build/py_pubsub build --build-base /home/zsp/Tutorial/tutorial_python/python_ros2_ws/build/py_pubsub/build install --record /home/zsp/Tutorial/tutorial_python/python_ros2_ws/build/py_pubsub/install.log --single-version-externally-managed
[0.563s] running egg_info
[0.563s] writing ../../build/py_pubsub/py_pubsub.egg-info/PKG-INFO
[0.563s] writing dependency_links to ../../build/py_pubsub/py_pubsub.egg-info/dependency_links.txt
[0.563s] writing entry points to ../../build/py_pubsub/py_pubsub.egg-info/entry_points.txt
[0.563s] writing requirements to ../../build/py_pubsub/py_pubsub.egg-info/requires.txt
[0.564s] writing top-level names to ../../build/py_pubsub/py_pubsub.egg-info/top_level.txt
[0.565s] reading manifest file '../../build/py_pubsub/py_pubsub.egg-info/SOURCES.txt'
[0.566s] writing manifest file '../../build/py_pubsub/py_pubsub.egg-info/SOURCES.txt'
[0.566s] running build
[0.566s] running build_py
[0.566s] running install
[0.566s] running install_lib
[0.567s] running install_data
[0.567s] running install_egg_info
[0.568s] removing '/home/zsp/Tutorial/tutorial_python/python_ros2_ws/install/py_pubsub/lib/python3.8/site-packages/py_pubsub-0.0.0-py3.8.egg-info' (and everything under it)
[0.568s] Copying ../../build/py_pubsub/py_pubsub.egg-info to /home/zsp/Tutorial/tutorial_python/python_ros2_ws/install/py_pubsub/lib/python3.8/site-packages/py_pubsub-0.0.0-py3.8.egg-info
[0.569s] running install_scripts
[0.579s] Installing talker script to /home/zsp/Tutorial/tutorial_python/python_ros2_ws/install/py_pubsub/lib/py_pubsub
[0.579s] writing list of installed files to '/home/zsp/Tutorial/tutorial_python/python_ros2_ws/build/py_pubsub/install.log'
[0.592s] Invoked command in '/home/zsp/Tutorial/tutorial_python/python_ros2_ws/src/py_pubsub' returned '0': PYTHONPATH=/home/zsp/Tutorial/tutorial_python/python_ros2_ws/build/py_pubsub/prefix_override:/home/zsp/Tutorial/tutorial_python/python_ros2_ws/install/py_pubsub/lib/python3.8/site-packages:${PYTHONPATH} /usr/bin/python3 setup.py egg_info --egg-base ../../build/py_pubsub build --build-base /home/zsp/Tutorial/tutorial_python/python_ros2_ws/build/py_pubsub/build install --record /home/zsp/Tutorial/tutorial_python/python_ros2_ws/build/py_pubsub/install.log --single-version-externally-managed
